Using pre-set license
Built from '2022.3/staging' branch; Version is '2022.3.21f1 (bf09ca542b87) revision 12519882'; Using compiler version '192829333'; Build Type 'Release'
OS: 'Windows 10  (10.0.19045) 64bit Professional' Language: 'en' Physical Memory: 16294 MB
BatchMode: 1, IsHumanControllingUs: 0, StartBugReporterOnCrash: 0, Is64bit: 1, IsPro: 1

COMMAND LINE ARGUMENTS:
D:\UnityHub\2022.3.21f1\Editor\Unity.exe
-adb2
-batchMode
-noUpm
-name
AssetImportWorker1
-projectPath
D:/Unity Project/GoldIsland/GoldIsland
-logFile
Logs/AssetImportWorker1.log
-srvPort
65086
Successfully changed project path to: D:/Unity Project/GoldIsland/GoldIsland
D:/Unity Project/GoldIsland/GoldIsland
[UnityMemory] Configuration Parameters - Can be set up in boot.config
    "memorysetup-bucket-allocator-granularity=16"
    "memorysetup-bucket-allocator-bucket-count=8"
    "memorysetup-bucket-allocator-block-size=33554432"
    "memorysetup-bucket-allocator-block-count=8"
    "memorysetup-main-allocator-block-size=16777216"
    "memorysetup-thread-allocator-block-size=16777216"
    "memorysetup-gfx-main-allocator-block-size=16777216"
    "memorysetup-gfx-thread-allocator-block-size=16777216"
    "memorysetup-cache-allocator-block-size=4194304"
    "memorysetup-typetree-allocator-block-size=2097152"
    "memorysetup-profiler-bucket-allocator-granularity=16"
    "memorysetup-profiler-bucket-allocator-bucket-count=8"
    "memorysetup-profiler-bucket-allocator-block-size=33554432"
    "memorysetup-profiler-bucket-allocator-block-count=8"
    "memorysetup-profiler-allocator-block-size=16777216"
    "memorysetup-profiler-editor-allocator-block-size=1048576"
    "memorysetup-temp-allocator-size-main=16777216"
    "memorysetup-job-temp-allocator-block-size=2097152"
    "memorysetup-job-temp-allocator-block-size-background=1048576"
    "memorysetup-job-temp-allocator-reduction-small-platforms=262144"
    "memorysetup-allocator-temp-initial-block-size-main=262144"
    "memorysetup-allocator-temp-initial-block-size-worker=262144"
    "memorysetup-temp-allocator-size-background-worker=32768"
    "memorysetup-temp-allocator-size-job-worker=262144"
    "memorysetup-temp-allocator-size-preload-manager=33554432"
    "memorysetup-temp-allocator-size-nav-mesh-worker=65536"
    "memorysetup-temp-allocator-size-audio-worker=65536"
    "memorysetup-temp-allocator-size-cloud-worker=32768"
    "memorysetup-temp-allocator-size-gi-baking-worker=262144"
    "memorysetup-temp-allocator-size-gfx=262144"
Player connection [20904] Host "[IP] 26.99.20.108 [Port] 0 [Flags] 2 [Guid] 1478788560 [EditorId] 1478788560 [Version] 1048832 [Id] WindowsEditor(7,DESKTOP-EK6KG8T) [Debug] 1 [PackageName] WindowsEditor [ProjectName] Editor" joined multi-casting on [225.0.0.222:54997]...

Player connection [20904] Host "[IP] 26.99.20.108 [Port] 0 [Flags] 2 [Guid] 1478788560 [EditorId] 1478788560 [Version] 1048832 [Id] WindowsEditor(7,DESKTOP-EK6KG8T) [Debug] 1 [PackageName] WindowsEditor [ProjectName] Editor" joined alternative multi-casting on [225.0.0.222:34997]...

[Physics::Module] Initialized MultithreadedJobDispatcher with 11 workers.
Refreshing native plugins compatible for Editor in 6.30 ms, found 3 plugins.
Preloading 0 native plugins for Editor in 0.00 ms.
Initialize engine version: 2022.3.21f1 (bf09ca542b87)
[Subsystems] Discovering subsystems at path D:/UnityHub/2022.3.21f1/Editor/Data/Resources/UnitySubsystems
[Subsystems] Discovering subsystems at path D:/Unity Project/GoldIsland/GoldIsland/Assets
GfxDevice: creating device client; threaded=0; jobified=0
Direct3D:
    Version:  Direct3D 11.0 [level 11.1]
    Renderer: AMD Radeon RX 5600 XT (ID=0x731f)
    Vendor:   ATI
    VRAM:     6103 MB
    Driver:   31.0.24027.1012
Initialize mono
Mono path[0] = 'D:/UnityHub/2022.3.21f1/Editor/Data/Managed'
Mono path[1] = 'D:/UnityHub/2022.3.21f1/Editor/Data/MonoBleedingEdge/lib/mono/unityjit-win32'
Mono config path = 'D:/UnityHub/2022.3.21f1/Editor/Data/MonoBleedingEdge/etc'
Using monoOptions --debugger-agent=transport=dt_socket,embedding=1,server=y,suspend=n,address=127.0.0.1:56864
Begin MonoManager ReloadAssembly
Registering precompiled unity dll's ...
Register platform support module: D:/UnityHub/2022.3.21f1/Editor/Data/PlaybackEngines/WebGLSupport/UnityEditor.WebGL.Extensions.dll
Register platform support module: D:/UnityHub/2022.3.21f1/Editor/Data/PlaybackEngines/AndroidPlayer/UnityEditor.Android.Extensions.dll
Register platform support module: D:/UnityHub/2022.3.21f1/Editor/Data/PlaybackEngines/WindowsStandaloneSupport/UnityEditor.WindowsStandalone.Extensions.dll
Registered in 0.004885 seconds.
- Loaded All Assemblies, in  0.328 seconds
Native extension for WindowsStandalone target not found
Native extension for Android target not found
Android Extension - Scanning For ADB Devices 246 ms
Native extension for WebGL target not found
Mono: successfully reloaded assembly
- Finished resetting the current domain, in  0.560 seconds
Domain Reload Profiling: 888ms
	BeginReloadAssembly (100ms)
		ExecutionOrderSort (0ms)
		DisableScriptedObjects (0ms)
		BackupInstance (0ms)
		ReleaseScriptingObjects (0ms)
		CreateAndSetChildDomain (1ms)
	RebuildCommonClasses (37ms)
	RebuildNativeTypeToScriptingClass (11ms)
	initialDomainReloadingComplete (47ms)
	LoadAllAssembliesAndSetupDomain (133ms)
		LoadAssemblies (100ms)
		RebuildTransferFunctionScriptingTraits (0ms)
		AnalyzeDomain (131ms)
			TypeCache.Refresh (129ms)
				TypeCache.ScanAssembly (115ms)
			ScanForSourceGeneratedMonoScriptInfo (0ms)
			ResolveRequiredComponents (1ms)
	FinalizeReload (560ms)
		ReleaseScriptCaches (0ms)
		RebuildScriptCaches (0ms)
		SetupLoadedEditorAssemblies (508ms)
			LogAssemblyErrors (0ms)
			InitializePlatformSupportModulesInManaged (352ms)
			SetLoadedEditorAssemblies (3ms)
			RefreshPlugins (0ms)
			BeforeProcessingInitializeOnLoad (2ms)
			ProcessInitializeOnLoadAttributes (109ms)
			ProcessInitializeOnLoadMethodAttributes (42ms)
			AfterProcessingInitializeOnLoad (0ms)
			EditorAssembliesLoaded (0ms)
		ExecutionOrderSort2 (0ms)
		AwakeInstancesAfterBackupRestoration (0ms)
========================================================================
Worker process is ready to serve import requests
Begin MonoManager ReloadAssembly
- Loaded All Assemblies, in  0.502 seconds
Refreshing native plugins compatible for Editor in 3.40 ms, found 3 plugins.
Native extension for WindowsStandalone target not found
Native extension for Android target not found
Native extension for WebGL target not found
Package Manager log level set to [2]
[Package Manager] Server::EnsureServerProcessIsRunning -- launch failed, reason: Unity was launched with the -noUpm command-line argument
[Package Manager] UpmClient::Send -- Unable to send message (not connected to UPM process).
[Package Manager] Cannot connect to Unity Package Manager local server
Mono: successfully reloaded assembly
[Package Manager] Server::EnsureServerProcessIsRunning -- launch failed, reason: Unity was launched with the -noUpm command-line argument
[Package Manager] UpmClient::Send -- Unable to send message (not connected to UPM process).
[Package Manager] Cannot connect to Unity Package Manager local server
[Package Manager] Server::EnsureServerProcessIsRunning -- launch failed, reason: Unity was launched with the -noUpm command-line argument
[Package Manager] UpmClient::Send -- Unable to send message (not connected to UPM process).
[Package Manager] Cannot connect to Unity Package Manager local server
- Finished resetting the current domain, in  0.539 seconds
Domain Reload Profiling: 1041ms
	BeginReloadAssembly (138ms)
		ExecutionOrderSort (0ms)
		DisableScriptedObjects (6ms)
		BackupInstance (0ms)
		ReleaseScriptingObjects (0ms)
		CreateAndSetChildDomain (26ms)
	RebuildCommonClasses (28ms)
	RebuildNativeTypeToScriptingClass (8ms)
	initialDomainReloadingComplete (31ms)
	LoadAllAssembliesAndSetupDomain (295ms)
		LoadAssemblies (236ms)
		RebuildTransferFunctionScriptingTraits (0ms)
		AnalyzeDomain (133ms)
			TypeCache.Refresh (112ms)
				TypeCache.ScanAssembly (96ms)
			ScanForSourceGeneratedMonoScriptInfo (16ms)
			ResolveRequiredComponents (4ms)
	FinalizeReload (539ms)
		ReleaseScriptCaches (0ms)
		RebuildScriptCaches (0ms)
		SetupLoadedEditorAssemblies (386ms)
			LogAssemblyErrors (0ms)
			InitializePlatformSupportModulesInManaged (21ms)
			SetLoadedEditorAssemblies (4ms)
			RefreshPlugins (0ms)
			BeforeProcessingInitializeOnLoad (54ms)
			ProcessInitializeOnLoadAttributes (287ms)
			ProcessInitializeOnLoadMethodAttributes (18ms)
			AfterProcessingInitializeOnLoad (2ms)
			EditorAssembliesLoaded (0ms)
		ExecutionOrderSort2 (0ms)
		AwakeInstancesAfterBackupRestoration (6ms)
Launched and connected shader compiler UnityShaderCompiler.exe after 0.03 seconds
Refreshing native plugins compatible for Editor in 4.58 ms, found 3 plugins.
Preloading 0 native plugins for Editor in 0.00 ms.
Unloading 3281 Unused Serialized files (Serialized files now loaded: 0)
Unloading 45 unused Assets / (35.4 KB). Loaded Objects now: 3742.
Memory consumption went from 134.5 MB to 134.5 MB.
Total: 3.900100 ms (FindLiveObjects: 0.262800 ms CreateObjectMapping: 0.138000 ms MarkObjects: 3.435300 ms  DeleteObjects: 0.063100 ms)

AssetImportParameters requested are different than current active one (requested -> active):
  custom:container-demuxer-ogg: 62fdf1f143b41e24485cea50d1cbac27 -> 
  custom:video-decoder-ogg-theora: a1e56fd34408186e4bbccfd4996cb3dc -> 
  custom:framework-win-MediaFoundation: 216162199b28c13a410421893ffa2e32 -> 
  custom:CustomObjectIndexerAttribute: 9a22284fe3817be447336de3de66b15e -> 
  custom:container-demuxer-webm: 4f35f7cbe854078d1ac9338744f61a02 -> 
  custom:container-muxer-webm: aa71ff27fc2769a1b78a27578f13a17b -> 
  custom:video-decoder-webm-vp8: 9c59270c3fd7afecdb556c50c9e8de78 -> 
  custom:SearchIndexIgnoredProperties: e643bd26f0fe6173181afceb89e7c659 -> 
  custom:AudioImporter_EditorPlatform: d09bf68614088b80899f8185d706f6e7 -> 
  custom:video-encoder-webm-vp8: eb34c28f22e8b96e1ab97ce403110664 -> 
  custom:audio-decoder-ogg-vorbis: bf7c407c2cedff20999df2af8eb42d56 -> 
  custom:audio-encoder-webm-vorbis: bf7c407c2cedff20999df2af8eb42d56 -> 
========================================================================
Received Import Request.
  Time since last request: 49110.944613 seconds.
  path: Assets/Models/IslandTexture.png
  artifactKey: Guid(0db4dcd1fe65ed140885340ead678f85) Importer(815301076,1909f56bfc062723c751e8b465ee728b)
Start importing Assets/Models/IslandTexture.png using Guid(0db4dcd1fe65ed140885340ead678f85) Importer(815301076,1909f56bfc062723c751e8b465ee728b)  -> (artifact id: '2d9afab5e67f4b622830cf8296cda90f') in 0.077972 seconds
Number of updated asset objects reloaded before import = 0
Number of asset objects unloaded after import = 2
========================================================================
Received Import Request.
  Time since last request: 0.000023 seconds.
  path: Assets/Prefabs/DebuffMat.mat
  artifactKey: Guid(ee5de0930ec9e0c4fa7e1e7181597ac2) Importer(815301076,1909f56bfc062723c751e8b465ee728b)
Start importing Assets/Prefabs/DebuffMat.mat using Guid(ee5de0930ec9e0c4fa7e1e7181597ac2) Importer(815301076,1909f56bfc062723c751e8b465ee728b)  -> (artifact id: '2ffdb3b8e277ac0c613ae02b57535385') in 0.062158 seconds
Number of updated asset objects reloaded before import = 0
Number of asset objects unloaded after import = 2
========================================================================
Received Import Request.
  Time since last request: 0.000015 seconds.
  path: Assets/Prefabs/Island.prefab
  artifactKey: Guid(9190081fb73100944a22cef84b07459b) Importer(815301076,1909f56bfc062723c751e8b465ee728b)
Start importing Assets/Prefabs/Island.prefab using Guid(9190081fb73100944a22cef84b07459b) Importer(815301076,1909f56bfc062723c751e8b465ee728b)  -> (artifact id: '42e03db4d5053ab68ec5957ab32f7779') in 0.025914 seconds
Number of updated asset objects reloaded before import = 0
Number of asset objects unloaded after import = 43
========================================================================
Received Import Request.
  Time since last request: 0.000014 seconds.
  path: Assets/Prefabs/Pre Build Wooden Factory.prefab
  artifactKey: Guid(1c380a44c12262a4c8ccfe7c4060c7aa) Importer(815301076,1909f56bfc062723c751e8b465ee728b)
Start importing Assets/Prefabs/Pre Build Wooden Factory.prefab using Guid(1c380a44c12262a4c8ccfe7c4060c7aa) Importer(815301076,1909f56bfc062723c751e8b465ee728b)  -> (artifact id: '5c738d4f8ee55f8114d9e5490459dabb') in 0.056040 seconds
Number of updated asset objects reloaded before import = 0
Number of asset objects unloaded after import = 106
========================================================================
Received Import Request.
  Time since last request: 0.000012 seconds.
  path: Assets/Image/Money.png
  artifactKey: Guid(2f7e9b2e09350e94e8ee6216efcf9434) Importer(815301076,1909f56bfc062723c751e8b465ee728b)
Start importing Assets/Image/Money.png using Guid(2f7e9b2e09350e94e8ee6216efcf9434) Importer(815301076,1909f56bfc062723c751e8b465ee728b)  -> (artifact id: '6ed04a943dd43b13f40a0a600aea4ab2') in 0.062868 seconds
Number of updated asset objects reloaded before import = 0
Number of asset objects unloaded after import = 20
========================================================================
Received Import Request.
  Time since last request: 0.000016 seconds.
  path: Assets/Prefabs/Bonus neighbor cell.prefab
  artifactKey: Guid(e48cdad2dd3450d4fafcb45e47156894) Importer(815301076,1909f56bfc062723c751e8b465ee728b)
Start importing Assets/Prefabs/Bonus neighbor cell.prefab using Guid(e48cdad2dd3450d4fafcb45e47156894) Importer(815301076,1909f56bfc062723c751e8b465ee728b)  -> (artifact id: '16b8d8f569e61f5b8901e843582999fd') in 0.013484 seconds
Number of updated asset objects reloaded before import = 0
Number of asset objects unloaded after import = 19
========================================================================
Received Import Request.
  Time since last request: 0.000013 seconds.
  path: Assets/Image/Icons.png
  artifactKey: Guid(a1abf62742c7259458df9cd147306447) Importer(815301076,1909f56bfc062723c751e8b465ee728b)
Start importing Assets/Image/Icons.png using Guid(a1abf62742c7259458df9cd147306447) Importer(815301076,1909f56bfc062723c751e8b465ee728b)  -> (artifact id: 'a176855ee0c07e3f7105a77dbbea77b1') in 0.027834 seconds
Number of updated asset objects reloaded before import = 0
Number of asset objects unloaded after import = 16
========================================================================
Received Import Request.
  Time since last request: 53.866672 seconds.
  path: Assets/Models/OnIsland/Forest_3.obj
  artifactKey: Guid(0a48e627d59b6534c8cabbfd1510f955) Importer(815301076,1909f56bfc062723c751e8b465ee728b)
Start importing Assets/Models/OnIsland/Forest_3.obj using Guid(0a48e627d59b6534c8cabbfd1510f955) Importer(815301076,1909f56bfc062723c751e8b465ee728b)  -> (artifact id: 'e6a7bf553499e459f190fe3532725657') in 0.040829 seconds
Number of updated asset objects reloaded before import = 0
Number of asset objects unloaded after import = 11
========================================================================
Received Import Request.
  Time since last request: 0.000019 seconds.
  path: Assets/Models/OnIsland/Rock_1.obj
  artifactKey: Guid(d811c27cecf5dfa4ba4093f7b73ae90f) Importer(815301076,1909f56bfc062723c751e8b465ee728b)
Start importing Assets/Models/OnIsland/Rock_1.obj using Guid(d811c27cecf5dfa4ba4093f7b73ae90f) Importer(815301076,1909f56bfc062723c751e8b465ee728b)  -> (artifact id: '6741969c16b35dd659ca39affa9c0b3d') in 0.017786 seconds
Number of updated asset objects reloaded before import = 0
Number of asset objects unloaded after import = 11
========================================================================
Received Import Request.
  Time since last request: 85.775863 seconds.
  path: Assets/SO/Cells/Empty.prefab
  artifactKey: Guid(8fd75ead060147e49a78a993e6afbaa3) Importer(815301076,1909f56bfc062723c751e8b465ee728b)
Start importing Assets/SO/Cells/Empty.prefab using Guid(8fd75ead060147e49a78a993e6afbaa3) Importer(815301076,1909f56bfc062723c751e8b465ee728b)  -> (artifact id: 'a709116d5fab04c88784fdc71fad2f3f') in 0.008504 seconds
Number of updated asset objects reloaded before import = 0
Number of asset objects unloaded after import = 14
========================================================================
Received Import Request.
  Time since last request: 0.000014 seconds.
  path: Assets/SO/Cells/ForestWinter_2.asset
  artifactKey: Guid(e1040202bd75afa439090726a04e444d) Importer(815301076,1909f56bfc062723c751e8b465ee728b)
Start importing Assets/SO/Cells/ForestWinter_2.asset using Guid(e1040202bd75afa439090726a04e444d) Importer(815301076,1909f56bfc062723c751e8b465ee728b)  -> (artifact id: '2cdb7e3c83ef9183d3a4ca3e24cf70f0') in 0.001580 seconds
Number of updated asset objects reloaded before import = 0
Number of asset objects unloaded after import = 13
========================================================================
Received Import Request.
  Time since last request: 0.000008 seconds.
  path: Assets/SO/Cells/ForestWinter_1.asset
  artifactKey: Guid(f002cff138384ae4189275c20ffdf882) Importer(815301076,1909f56bfc062723c751e8b465ee728b)
Start importing Assets/SO/Cells/ForestWinter_1.asset using Guid(f002cff138384ae4189275c20ffdf882) Importer(815301076,1909f56bfc062723c751e8b465ee728b)  -> (artifact id: 'b000466021ad9cb0fb4a271c8f01469c') in 0.001446 seconds
Number of updated asset objects reloaded before import = 0
Number of asset objects unloaded after import = 13
========================================================================
Received Import Request.
  Time since last request: 0.000009 seconds.
  path: Assets/SO/Cells/Rock_2.asset
  artifactKey: Guid(c5c02fa266008c94bb2a09faf5fc47a2) Importer(815301076,1909f56bfc062723c751e8b465ee728b)
Start importing Assets/SO/Cells/Rock_2.asset using Guid(c5c02fa266008c94bb2a09faf5fc47a2) Importer(815301076,1909f56bfc062723c751e8b465ee728b)  -> (artifact id: 'b691e9eac5618a6b8591a5bf768c3c47') in 0.001285 seconds
Number of updated asset objects reloaded before import = 0
Number of asset objects unloaded after import = 13
========================================================================
Received Import Request.
  Time since last request: 0.000010 seconds.
  path: Assets/SO/Cells/Rock_2.prefab
  artifactKey: Guid(302c752cfac1c0944ac8796168cf3324) Importer(815301076,1909f56bfc062723c751e8b465ee728b)
Start importing Assets/SO/Cells/Rock_2.prefab using Guid(302c752cfac1c0944ac8796168cf3324) Importer(815301076,1909f56bfc062723c751e8b465ee728b)  -> (artifact id: '2a4e84eeae3ed18c719c0419f41b1919') in 0.013733 seconds
Number of updated asset objects reloaded before import = 0
Number of asset objects unloaded after import = 16
========================================================================
Received Import Request.
  Time since last request: 0.000017 seconds.
  path: Assets/SO/Cells/Rock_3.prefab
  artifactKey: Guid(92f1684c6e643864788283b85eca3230) Importer(815301076,1909f56bfc062723c751e8b465ee728b)
Start importing Assets/SO/Cells/Rock_3.prefab using Guid(92f1684c6e643864788283b85eca3230) Importer(815301076,1909f56bfc062723c751e8b465ee728b)  -> (artifact id: '06754e50af201593ce5fbe7a6836d3bb') in 0.018207 seconds
Number of updated asset objects reloaded before import = 0
Number of asset objects unloaded after import = 27
========================================================================
Received Import Request.
  Time since last request: 0.000016 seconds.
  path: Assets/SO/Cells/ForestWinter_2.prefab
  artifactKey: Guid(95c9ecead571fde4d9dd29e27bf8c546) Importer(815301076,1909f56bfc062723c751e8b465ee728b)
Start importing Assets/SO/Cells/ForestWinter_2.prefab using Guid(95c9ecead571fde4d9dd29e27bf8c546) Importer(815301076,1909f56bfc062723c751e8b465ee728b)  -> (artifact id: '767a339505b9093d2549a7879ade0065') in 0.014506 seconds
Number of updated asset objects reloaded before import = 0
Number of asset objects unloaded after import = 16
========================================================================
Received Import Request.
  Time since last request: 1.883735 seconds.
  path: Assets/SO/Cells/Factories/Wooden Factory.asset
  artifactKey: Guid(1fe44be6ea461854db081563777e844c) Importer(815301076,1909f56bfc062723c751e8b465ee728b)
Start importing Assets/SO/Cells/Factories/Wooden Factory.asset using Guid(1fe44be6ea461854db081563777e844c) Importer(815301076,1909f56bfc062723c751e8b465ee728b)  -> (artifact id: '66a90290584f9e26d7a3d87ab96c068b') in 0.015043 seconds
Number of updated asset objects reloaded before import = 0
Number of asset objects unloaded after import = 99
========================================================================
Received Import Request.
  Time since last request: 374.602304 seconds.
  path: Assets/Prefabs/Pre Build Wooden Factory.prefab
  artifactKey: Guid(1c380a44c12262a4c8ccfe7c4060c7aa) Importer(815301076,1909f56bfc062723c751e8b465ee728b)
Start importing Assets/Prefabs/Pre Build Wooden Factory.prefab using Guid(1c380a44c12262a4c8ccfe7c4060c7aa) Importer(815301076,1909f56bfc062723c751e8b465ee728b)  -> (artifact id: '7de78cd352cc74127196f8808fa2fa95') in 0.038297 seconds
Number of updated asset objects reloaded before import = 0
Number of asset objects unloaded after import = 149
========================================================================
Received Import Request.
  Time since last request: 0.000015 seconds.
  path: Assets/Prefabs/Stone Factory.prefab
  artifactKey: Guid(5b9afdd090d3c0d45929cc2f84394251) Importer(815301076,1909f56bfc062723c751e8b465ee728b)
Start importing Assets/Prefabs/Stone Factory.prefab using Guid(5b9afdd090d3c0d45929cc2f84394251) Importer(815301076,1909f56bfc062723c751e8b465ee728b)  -> (artifact id: 'f4cc9354e51d3dabf0f4c5e7544123e8') in 0.028712 seconds
Number of updated asset objects reloaded before import = 0
Number of asset objects unloaded after import = 109
========================================================================
Received Import Request.
  Time since last request: 167.698974 seconds.
  path: Assets/Prefabs/Pre Build Wooden Factory.prefab
  artifactKey: Guid(1c380a44c12262a4c8ccfe7c4060c7aa) Importer(815301076,1909f56bfc062723c751e8b465ee728b)
Start importing Assets/Prefabs/Pre Build Wooden Factory.prefab using Guid(1c380a44c12262a4c8ccfe7c4060c7aa) Importer(815301076,1909f56bfc062723c751e8b465ee728b)  -> (artifact id: '6baa2ab3413443081216b299686d2752') in 0.030996 seconds
Number of updated asset objects reloaded before import = 0
Number of asset objects unloaded after import = 149
========================================================================
Received Import Request.
  Time since last request: 0.000016 seconds.
  path: Assets/Prefabs/Stone Factory.prefab
  artifactKey: Guid(5b9afdd090d3c0d45929cc2f84394251) Importer(815301076,1909f56bfc062723c751e8b465ee728b)
Start importing Assets/Prefabs/Stone Factory.prefab using Guid(5b9afdd090d3c0d45929cc2f84394251) Importer(815301076,1909f56bfc062723c751e8b465ee728b)  -> (artifact id: 'ff6c425eb397b3aeb8c125ecfefac4dd') in 0.022068 seconds
Number of updated asset objects reloaded before import = 0
Number of asset objects unloaded after import = 109
